<?xml version="1.0" encoding="UTF-8"?>
<!-- Generated by org.testng.reporters.JUnitReportReporter -->
<testsuite hostname="03-001-0009923" name="com.bs.selenium.functional.LoginTest" tests="1" failures="0" timestamp="26 Feb 2014 11:06:22 GMT" time="4.945" errors="0">
  <testcase name="testLogOut" time="4.945" classname="com.bs.selenium.functional.LoginTest"/>
</testsuite> <!-- com.bs.selenium.functional.LoginTest -->
