<?xml version="1.0" encoding="UTF-8"?>
<!-- Generated by org.testng.reporters.JUnitReportReporter -->
<testsuite hostname="Home-PC" name="com.bs.selenium.functional.EditProfileTest" tests="1" failures="0" timestamp="8 Mar 2014 12:44:08 GMT" time="9.790" errors="0">
  <testcase name="testEnterAllFieldsCorrect" time="9.790" classname="com.bs.selenium.functional.EditProfileTest"/>
</testsuite> <!-- com.bs.selenium.functional.EditProfileTest -->
