<?xml version="1.0" encoding="UTF-8"?>
<!-- Generated by org.testng.reporters.JUnitReportReporter -->
<testsuite hostname="Home-PC" name="com.bs.selenium.functional.AddNewFolderTest" tests="1" failures="0" timestamp="8 Mar 2014 12:28:33 GMT" time="5.251" errors="0">
  <testcase name="testAddNewFolderforProjectNegative" time="5.251" classname="com.bs.selenium.functional.AddNewFolderTest"/>
</testsuite> <!-- com.bs.selenium.functional.AddNewFolderTest -->
