<?xml version="1.0" encoding="UTF-8"?>
<!-- Generated by org.testng.reporters.JUnitReportReporter -->
<testsuite hostname="03-001-0009923" name="com.bs.selenium.functional.AddNewFolderTest" tests="1" failures="0" timestamp="21 Feb 2014 11:28:56 GMT" time="4.824" errors="0">
  <testcase name="testAddNewFolderforProjectOk" time="4.824" classname="com.bs.selenium.functional.AddNewFolderTest"/>
</testsuite> <!-- com.bs.selenium.functional.AddNewFolderTest -->
