<?xml version="1.0" encoding="UTF-8"?>
<!-- Generated by org.testng.reporters.JUnitReportReporter -->
<testsuite hostname="03-001-0009923" name="com.bs.selenium.functional.SearchTest" tests="1" failures="1" timestamp="4 Mar 2014 14:22:34 GMT" time="7.668" errors="0">
  <testcase name="testSearchForMyFilesPageOK" time="7.668" classname="com.bs.selenium.functional.SearchTest">
    <failure type="org.openqa.selenium.InvalidSelectorException" message="The given selector //*[@id=&#039;myFiles&#039;]//td[2]/a) is either invalid or does not result in a WebElement. The following error occurred:
InvalidSelectorError: Unable to locate an element with the xpath expression //*[@id=&#039;myFiles&#039;]//td[2]/a) because of the following error:
[Exception... &quot;The expression is not a legal expression.&quot;  code: &quot;12&quot; nsresult: &quot;0x805b0033 (SyntaxError)&quot;  location: &quot;&lt;unknown&gt;&quot;]
Command duration or timeout: 33 milliseconds
For documentation on this error, please visit: http://seleniumhq.org/exceptions/invalid_selector_exception.html
Build info: version: &#039;2.37.0&#039;, revision: &#039;a7c61cbd68657e133ae96672cf995890bad2ee42&#039;, time: &#039;2013-10-18 09:51:02&#039;
System info: host: &#039;03-001-0009923&#039;, ip: &#039;169.254.43.99&#039;, os.name: &#039;Windows 7&#039;, os.arch: &#039;amd64&#039;, os.version: &#039;6.1&#039;, java.version: &#039;1.7.0_17&#039;
Session ID: c0f4ebf2-cca8-4482-bc48-0f32ab124df3
Driver info: org.openqa.selenium.firefox.FirefoxDriver
Capabilities [{platform=XP, databaseEnabled=true, cssSelectorsEnabled=true, javascriptEnabled=true, acceptSslCerts=true, handlesAlerts=true, browserName=firefox, browserConnectionEnabled=true, nativeEvents=true, webStorageEnabled=true, rotatable=false, locationContextEnabled=true, applicationCacheEnabled=true, takesScreenshot=true, version=27.0.1}]">
      <![CDATA[org.openqa.selenium.InvalidSelectorException: The given selector //*[@id='myFiles']//td[2]/a) is either invalid or does not result in a WebElement. The following error occurred:
InvalidSelectorError: Unable to locate an element with the xpath expression //*[@id='myFiles']//td[2]/a) because of the following error:
[Exception... "The expression is not a legal expression."  code: "12" nsresult: "0x805b0033 (SyntaxError)"  location: "<unknown>"]
Command duration or timeout: 33 milliseconds
For documentation on this error, please visit: http://seleniumhq.org/exceptions/invalid_selector_exception.html
Build info: version: '2.37.0', revision: 'a7c61cbd68657e133ae96672cf995890bad2ee42', time: '2013-10-18 09:51:02'
System info: host: '03-001-0009923', ip: '169.254.43.99', os.name: 'Windows 7', os.arch: 'amd64', os.version: '6.1', java.version: '1.7.0_17'
Session ID: c0f4ebf2-cca8-4482-bc48-0f32ab124df3
Driver info: org.openqa.selenium.firefox.FirefoxDriver
Capabilities [{platform=XP, databaseEnabled=true, cssSelectorsEnabled=true, javascriptEnabled=true, acceptSslCerts=true, handlesAlerts=true, browserName=firefox, browserConnectionEnabled=true, nativeEvents=true, webStorageEnabled=true, rotatable=false, locationContextEnabled=true, applicationCacheEnabled=true, takesScreenshot=true, version=27.0.1}]
	at sun.reflect.NativeConstructorAccessorImpl.newInstance0(Native Method)
	at sun.reflect.NativeConstructorAccessorImpl.newInstance(Unknown Source)
	at sun.reflect.DelegatingConstructorAccessorImpl.newInstance(Unknown Source)
	at java.lang.reflect.Constructor.newInstance(Unknown Source)
	at org.openqa.selenium.remote.ErrorHandler.createThrowable(ErrorHandler.java:193)
	at org.openqa.selenium.remote.ErrorHandler.throwIfResponseFailed(ErrorHandler.java:145)
	at org.openqa.selenium.remote.RemoteWebDriver.execute(RemoteWebDriver.java:554)
	at org.openqa.selenium.remote.RemoteWebDriver.findElements(RemoteWebDriver.java:332)
	at org.openqa.selenium.remote.RemoteWebDriver.findElementsByXPath(RemoteWebDriver.java:408)
	at org.openqa.selenium.By$ByXPath.findElements(By.java:358)
	at org.openqa.selenium.remote.RemoteWebDriver.findElements(RemoteWebDriver.java:295)
	at com.bs.selenium.pagesall.MyFilesSearchResultPage.getsearchResultTable(MyFilesSearchResultPage.java:26)
	at com.bs.selenium.applogic2.UserHelper2.isSearchFound(UserHelper2.java:232)
	at com.bs.selenium.functional.SearchTest.testSearchForMyFilesPageOK(SearchTest.java:29)
	at sun.reflect.NativeMethodAccessorImpl.invoke0(Native Method)
	at sun.reflect.NativeMethodAccessorImpl.invoke(Unknown Source)
	at sun.reflect.DelegatingMethodAccessorImpl.invoke(Unknown Source)
	at java.lang.reflect.Method.invoke(Unknown Source)
	at org.testng.internal.MethodInvocationHelper.invokeMethod(MethodInvocationHelper.java:84)
	at org.testng.internal.Invoker.invokeMethod(Invoker.java:714)
	at org.testng.internal.Invoker.invokeTestMethod(Invoker.java:901)
	at org.testng.internal.Invoker.invokeTestMethods(Invoker.java:1231)
	at org.testng.internal.TestMethodWorker.invokeTestMethods(TestMethodWorker.java:127)
	at org.testng.internal.TestMethodWorker.run(TestMethodWorker.java:111)
	at org.testng.TestRunner.privateRun(TestRunner.java:767)
	at org.testng.TestRunner.run(TestRunner.java:617)
	at org.testng.SuiteRunner.runTest(SuiteRunner.java:334)
	at org.testng.SuiteRunner.runSequentially(SuiteRunner.java:329)
	at org.testng.SuiteRunner.privateRun(SuiteRunner.java:291)
	at org.testng.SuiteRunner.run(SuiteRunner.java:240)
	at org.testng.SuiteRunnerWorker.runSuite(SuiteRunnerWorker.java:52)
	at org.testng.SuiteRunnerWorker.run(SuiteRunnerWorker.java:86)
	at org.testng.TestNG.runSuitesSequentially(TestNG.java:1224)
	at org.testng.TestNG.runSuitesLocally(TestNG.java:1149)
	at org.testng.TestNG.run(TestNG.java:1057)
	at org.testng.remote.RemoteTestNG.run(RemoteTestNG.java:111)
	at org.testng.remote.RemoteTestNG.initAndRun(RemoteTestNG.java:204)
	at org.testng.remote.RemoteTestNG.main(RemoteTestNG.java:175)
Caused by: org.openqa.selenium.remote.ErrorHandler$UnknownServerException: The given selector //*[@id='myFiles']//td[2]/a) is either invalid or does not result in a WebElement. The following error occurred:
InvalidSelectorError: Unable to locate an element with the xpath expression //*[@id='myFiles']//td[2]/a) because of the following error:
[Exception... "The expression is not a legal expression."  code: "12" nsresult: "0x805b0033 (SyntaxError)"  location: "<unknown>"]
Build info: version: '2.37.0', revision: 'a7c61cbd68657e133ae96672cf995890bad2ee42', time: '2013-10-18 09:51:02'
System info: host: '03-001-0009923', ip: '169.254.43.99', os.name: 'Windows 7', os.arch: 'amd64', os.version: '6.1', java.version: '1.7.0_17'
Driver info: driver.version: unknown
	at <anonymous class>.FirefoxDriver.annotateInvalidSelectorError_(file:///C:/Users/SHCEGU~1/AppData/Local/Temp/anonymous8261975184959601699webdriver-profile/extensions/fxdriver@googlecode.com/components/driver_component.js:8865)
	at <anonymous class>.FirefoxDriver.prototype.findElementsInternal_(file:///C:/Users/SHCEGU~1/AppData/Local/Temp/anonymous8261975184959601699webdriver-profile/extensions/fxdriver@googlecode.com/components/driver_component.js:8923)
	at <anonymous class>.FirefoxDriver.prototype.findElements(file:///C:/Users/SHCEGU~1/AppData/Local/Temp/anonymous8261975184959601699webdriver-profile/extensions/fxdriver@googlecode.com/components/driver_component.js:8927)
	at <anonymous class>.DelayedCommand.prototype.executeInternal_/h(file:///C:/Users/SHCEGU~1/AppData/Local/Temp/anonymous8261975184959601699webdriver-profile/extensions/fxdriver@googlecode.com/components/command_processor.js:10844)
	at <anonymous class>.DelayedCommand.prototype.executeInternal_(file:///C:/Users/SHCEGU~1/AppData/Local/Temp/anonymous8261975184959601699webdriver-profile/extensions/fxdriver@googlecode.com/components/command_processor.js:10849)
	at <anonymous class>.DelayedCommand.prototype.execute/<(file:///C:/Users/SHCEGU~1/AppData/Local/Temp/anonymous8261975184959601699webdriver-profile/extensions/fxdriver@googlecode.com/components/command_processor.js:10791)
]]>
    </failure>
  </testcase> <!-- testSearchForMyFilesPageOK -->
</testsuite> <!-- com.bs.selenium.functional.SearchTest -->
