<?xml version="1.0" encoding="UTF-8"?>
<!-- Generated by org.testng.reporters.JUnitReportReporter -->
<testsuite hostname="03-001-0009923" name="com.bs.selenium.layout.LayoutTest" tests="1" failures="0" timestamp="24 Feb 2014 14:26:59 GMT" time="16.089" errors="0">
  <testcase name="testInternalPagePositive" time="16.089" classname="com.bs.selenium.layout.LayoutTest"/>
</testsuite> <!-- com.bs.selenium.layout.LayoutTest -->
