<?xml version="1.0" encoding="UTF-8"?>
<!-- Generated by org.testng.reporters.JUnitReportReporter -->
<testsuite hostname="Home-PC" name="com.bs.selenium.functional.SearchTest" tests="1" failures="0" timestamp="9 Mar 2014 09:06:11 GMT" time="3.646" errors="0">
  <testcase name="testSearchForContractsPageBlank" time="3.646" classname="com.bs.selenium.functional.SearchTest"/>
</testsuite> <!-- com.bs.selenium.functional.SearchTest -->
