<?xml version="1.0" encoding="UTF-8"?>
<!-- Generated by org.testng.reporters.JUnitReportReporter -->
<testsuite hostname="03-001-0009923" name="com.bs.selenium.functional.AddNewFolderTest" tests="1" failures="0" timestamp="24 Feb 2014 13:51:29 GMT" time="6.507" errors="0">
  <testcase name="testAddNewFolderforProjectOk" time="6.507" classname="com.bs.selenium.functional.AddNewFolderTest"/>
</testsuite> <!-- com.bs.selenium.functional.AddNewFolderTest -->
