<?xml version="1.0" encoding="UTF-8"?>
<!-- Generated by org.testng.reporters.JUnitReportReporter -->
<testsuite hostname="03-001-0009923" name="com.bs.selenium.functional.LoginTest" tests="1" failures="0" timestamp="25 Feb 2014 07:26:30 GMT" time="5.163" errors="0">
  <testcase name="testLoginOK" time="5.163" classname="com.bs.selenium.functional.LoginTest"/>
</testsuite> <!-- com.bs.selenium.functional.LoginTest -->
