<?xml version="1.0" encoding="UTF-8"?>
<!-- Generated by org.testng.reporters.JUnitReportReporter -->
<testsuite hostname="03-001-0009923" name="com.bs.selenium.functional.AddNewFolderTest" tests="1" failures="0" timestamp="25 Feb 2014 09:06:40 GMT" time="5.725" errors="0">
  <testcase name="testAddNewFolderforOffersOk" time="5.725" classname="com.bs.selenium.functional.AddNewFolderTest"/>
</testsuite> <!-- com.bs.selenium.functional.AddNewFolderTest -->
