<?xml version="1.0" encoding="UTF-8"?>
<!-- Generated by org.testng.reporters.JUnitReportReporter -->
<testsuite hostname="03-001-0009923" name="com.bs.selenium.functional.EditProfileTest" tests="1" failures="0" timestamp="21 Feb 2014 08:51:27 GMT" time="17.423" errors="0">
  <testcase name="testEnterAllFieldsCorrect" time="17.423" classname="com.bs.selenium.functional.EditProfileTest"/>
</testsuite> <!-- com.bs.selenium.functional.EditProfileTest -->
