<?xml version="1.0" encoding="UTF-8"?>
<!-- Generated by org.testng.reporters.JUnitReportReporter -->
<testsuite hostname="Home-PC" name="com.bs.selenium.functional.SearchTest" tests="1" failures="0" timestamp="9 Mar 2014 08:36:29 GMT" time="3.265" errors="0">
  <testcase name="testSearchForContractsPageOK" time="3.265" classname="com.bs.selenium.functional.SearchTest"/>
</testsuite> <!-- com.bs.selenium.functional.SearchTest -->
