<?xml version="1.0" encoding="UTF-8"?>
<!-- Generated by org.testng.reporters.JUnitReportReporter -->
<testsuite hostname="Home-PC" name="com.bs.selenium.functional.PullDownMenuTest" tests="1" failures="0" timestamp="3 Mar 2014 18:10:00 GMT" time="2.008" errors="0">
  <testcase name="testPullDownFileCateogory" time="2.008" classname="com.bs.selenium.functional.PullDownMenuTest"/>
</testsuite> <!-- com.bs.selenium.functional.PullDownMenuTest -->
