<?xml version="1.0" encoding="UTF-8"?>
<!-- Generated by org.testng.reporters.JUnitReportReporter -->
<testsuite hostname="Home-PC" name="com.bs.selenium.functional.LoginTest" tests="1" failures="1" timestamp="20 Feb 2014 19:41:55 GMT" time="0.002" errors="0">
  <testcase name="testLoginOK" time="0.002" classname="com.bs.selenium.functional.LoginTest">
    <failure type="java.lang.NoSuchMethodError" message="com.google.common.io.Resources.asByteSource(Ljava/net/URL;)Lcom/google/common/io/ByteSource;">
      <![CDATA[java.lang.NoSuchMethodError: com.google.common.io.Resources.asByteSource(Ljava/net/URL;)Lcom/google/common/io/ByteSource;
	at org.openqa.selenium.safari.SafariExtensions.getExtensionResource(SafariExtensions.java:293)
	at org.openqa.selenium.safari.SafariExtensions.install(SafariExtensions.java:217)
	at org.openqa.selenium.safari.SafariDriverCommandExecutor.start(SafariDriverCommandExecutor.java:95)
	at org.openqa.selenium.safari.SafariDriver.startClient(SafariDriver.java:77)
	at org.openqa.selenium.remote.RemoteWebDriver.<init>(RemoteWebDriver.java:110)
	at org.openqa.selenium.remote.RemoteWebDriver.<init>(RemoteWebDriver.java:115)
	at org.openqa.selenium.safari.SafariDriver.<init>(SafariDriver.java:63)
	at org.openqa.selenium.safari.SafariDriver.<init>(SafariDriver.java:47)
	at com.bs.selenium.webdriver.WebDriverFactory.getInstance(WebDriverFactory.java:177)
	at com.bs.selenium.webdriver.WebDriverFactory.getInstance(WebDriverFactory.java:77)
	at com.bs.selenium.applogic2.ApplicationManager2.<init>(ApplicationManager2.java:34)
	at com.bs.selenium.pages.TestBase.init(TestBase.java:18)
	at sun.reflect.NativeMethodAccessorImpl.invoke0(Native Method)
	at sun.reflect.NativeMethodAccessorImpl.invoke(NativeMethodAccessorImpl.java:57)
	at sun.reflect.DelegatingMethodAccessorImpl.invoke(DelegatingMethodAccessorImpl.java:43)
	at java.lang.reflect.Method.invoke(Method.java:606)
	at org.testng.internal.MethodInvocationHelper.invokeMethod(MethodInvocationHelper.java:84)
	at org.testng.internal.Invoker.invokeConfigurationMethod(Invoker.java:564)
	at org.testng.internal.Invoker.invokeConfigurations(Invoker.java:213)
	at org.testng.internal.Invoker.invokeConfigurations(Invoker.java:138)
	at org.testng.internal.TestMethodWorker.invokeBeforeClassMethods(TestMethodWorker.java:175)
	at org.testng.internal.TestMethodWorker.run(TestMethodWorker.java:107)
	at org.testng.TestRunner.privateRun(TestRunner.java:767)
	at org.testng.TestRunner.run(TestRunner.java:617)
	at org.testng.SuiteRunner.runTest(SuiteRunner.java:334)
	at org.testng.SuiteRunner.runSequentially(SuiteRunner.java:329)
	at org.testng.SuiteRunner.privateRun(SuiteRunner.java:291)
	at org.testng.SuiteRunner.run(SuiteRunner.java:240)
	at org.testng.SuiteRunnerWorker.runSuite(SuiteRunnerWorker.java:52)
	at org.testng.SuiteRunnerWorker.run(SuiteRunnerWorker.java:86)
	at org.testng.TestNG.runSuitesSequentially(TestNG.java:1224)
	at org.testng.TestNG.runSuitesLocally(TestNG.java:1149)
	at org.testng.TestNG.run(TestNG.java:1057)
	at org.testng.remote.RemoteTestNG.run(RemoteTestNG.java:111)
	at org.testng.remote.RemoteTestNG.initAndRun(RemoteTestNG.java:204)
	at org.testng.remote.RemoteTestNG.main(RemoteTestNG.java:175)
]]>
    </failure>
  </testcase> <!-- testLoginOK -->
</testsuite> <!-- com.bs.selenium.functional.LoginTest -->
