<?xml version="1.0" encoding="UTF-8"?>
<!-- Generated by org.testng.reporters.JUnitReportReporter -->
<testsuite hostname="Home-PC" name="com.bs.selenium.functional.LoadNewFileTest" tests="1" failures="0" timestamp="10 Mar 2014 15:12:52 GMT" time="24.436" errors="0">
  <testcase name="testAddNewContractOK" time="24.436" classname="com.bs.selenium.functional.LoadNewFileTest"/>
</testsuite> <!-- com.bs.selenium.functional.LoadNewFileTest -->
