<?xml version="1.0" encoding="UTF-8"?>
<!-- Generated by org.testng.reporters.JUnitReportReporter -->
<testsuite hostname="03-001-0009923" name="com.bs.selenium.functional.AddNewFolderTest" tests="1" failures="0" timestamp="26 Feb 2014 14:56:33 GMT" time="10.830" errors="0">
  <testcase name="testAddNewFolderforBusinessPropositionsOk" time="10.830" classname="com.bs.selenium.functional.AddNewFolderTest"/>
</testsuite> <!-- com.bs.selenium.functional.AddNewFolderTest -->
