<?xml version="1.0" encoding="UTF-8"?>
<!-- Generated by org.testng.reporters.JUnitReportReporter -->
<testsuite hostname="Home-PC" name="com.bs.selenium.functional.LoginTest" tests="1" failures="0" timestamp="10 Mar 2014 14:44:14 GMT" time="2.465" errors="0">
  <testcase name="testLoginOK" time="2.465" classname="com.bs.selenium.functional.LoginTest"/>
</testsuite> <!-- com.bs.selenium.functional.LoginTest -->
