<?xml version="1.0" encoding="UTF-8"?>
<!-- Generated by org.testng.reporters.JUnitReportReporter -->
<testsuite hostname="Home-PC" name="com.bs.selenium.functional.AddNewFolderTest" tests="1" failures="0" timestamp="8 Mar 2014 12:23:15 GMT" time="4.427" errors="0">
  <testcase name="testAddNewFolderforBusinessPropositionsOk" time="4.427" classname="com.bs.selenium.functional.AddNewFolderTest"/>
</testsuite> <!-- com.bs.selenium.functional.AddNewFolderTest -->
