<?xml version="1.0" encoding="UTF-8"?>
<!-- Generated by org.testng.reporters.JUnitReportReporter -->
<testsuite hostname="Home-PC" name="com.bs.selenium.functional.UserCabinetTest" tests="1" failures="0" timestamp="9 Mar 2014 10:24:34 GMT" time="2.320" errors="0">
  <testcase name="testCheckUserInfoInTheCabinet" time="2.320" classname="com.bs.selenium.functional.UserCabinetTest"/>
</testsuite> <!-- com.bs.selenium.functional.UserCabinetTest -->
